This is pdfTeX, Version 3.14159265-2.6-1.40.18 (TeX Live 2017/Arch Linux) (preloaded format=pdflatex 2017.9.30)  14 NOV 2017 09:08
entering extended mode
 restricted \write18 enabled.
 %&-line parsing enabled.
**lncs-paper.tex
(./lncs-paper.tex
LaTeX2e <2017-04-15>
Babel <3.12> and hyphenation patterns for 84 language(s) loaded.
(./llncs.cls
Document Class: llncs 2004/08/17 v2.14 
 LaTeX document class for Lecture Notes in Computer Science
(/usr/share/texmf-dist/tex/latex/base/article.cls
Document Class: article 2014/09/29 v1.4h Standard LaTeX document class
(/usr/share/texmf-dist/tex/latex/base/size10.clo
File: size10.clo 2014/09/29 v1.4h Standard LaTeX file (size option)
)
\c@part=\count79
\c@section=\count80
\c@subsection=\count81
\c@subsubsection=\count82
\c@paragraph=\count83
\c@subparagraph=\count84
\c@figure=\count85
\c@table=\count86
\abovecaptionskip=\skip41
\belowcaptionskip=\skip42
\bibindent=\dimen102
)
(/usr/share/texmf-dist/tex/latex/tools/multicol.sty
Package: multicol 2017/04/11 v1.8q multicolumn formatting (FMi)
\c@tracingmulticols=\count87
\mult@box=\box26
\multicol@leftmargin=\dimen103
\c@unbalance=\count88
\c@collectmore=\count89
\doublecol@number=\count90
\multicoltolerance=\count91
\multicolpretolerance=\count92
\full@width=\dimen104
\page@free=\dimen105
\premulticols=\dimen106
\postmulticols=\dimen107
\multicolsep=\skip43
\multicolbaselineskip=\skip44
\partial@page=\box27
\last@line=\box28
\maxbalancingoverflow=\dimen108
\mult@rightbox=\box29
\mult@grightbox=\box30
\mult@gfirstbox=\box31
\mult@firstbox=\box32
\@tempa=\box33
\@tempa=\box34
\@tempa=\box35
\@tempa=\box36
\@tempa=\box37
\@tempa=\box38
\@tempa=\box39
\@tempa=\box40
\@tempa=\box41
\@tempa=\box42
\@tempa=\box43
\@tempa=\box44
\@tempa=\box45
\@tempa=\box46
\@tempa=\box47
\@tempa=\box48
\@tempa=\box49
\c@columnbadness=\count93
\c@finalcolumnbadness=\count94
\last@try=\dimen109
\multicolovershoot=\dimen110
\multicolundershoot=\dimen111
\mult@nat@firstbox=\box50
\colbreak@box=\box51
\mc@col@check@num=\count95
)
\c@chapter=\count96
LaTeX Font Info:    Redeclaring math symbol \Gamma on input line 360.
LaTeX Font Info:    Redeclaring math symbol \Delta on input line 361.
LaTeX Font Info:    Redeclaring math symbol \Theta on input line 362.
LaTeX Font Info:    Redeclaring math symbol \Lambda on input line 363.
LaTeX Font Info:    Redeclaring math symbol \Xi on input line 364.
LaTeX Font Info:    Redeclaring math symbol \Pi on input line 365.
LaTeX Font Info:    Redeclaring math symbol \Sigma on input line 366.
LaTeX Font Info:    Redeclaring math symbol \Upsilon on input line 367.
LaTeX Font Info:    Redeclaring math symbol \Phi on input line 368.
LaTeX Font Info:    Redeclaring math symbol \Psi on input line 369.
LaTeX Font Info:    Redeclaring math symbol \Omega on input line 370.
\tocchpnum=\dimen112
\tocsecnum=\dimen113
\tocsectotal=\dimen114
\tocsubsecnum=\dimen115
\tocsubsectotal=\dimen116
\tocsubsubsecnum=\dimen117
\tocsubsubsectotal=\dimen118
\tocparanum=\dimen119
\tocparatotal=\dimen120
\tocsubparanum=\dimen121
\@tempcntc=\count97
\fnindent=\dimen122
\c@@inst=\count98
\c@@auth=\count99
\c@auco=\count100
\instindent=\dimen123
\authrun=\box52
\authorrunning=\toks14
\tocauthor=\toks15
\titrun=\box53
\titlerunning=\toks16
\toctitle=\toks17
\c@theorem=\count101
\c@case=\count102
\c@conjecture=\count103
\c@corollary=\count104
\c@definition=\count105
\c@example=\count106
\c@exercise=\count107
\c@lemma=\count108
\c@note=\count109
\c@problem=\count110
\c@property=\count111
\c@proposition=\count112
\c@question=\count113
\c@solution=\count114
\c@remark=\count115
\headlineindent=\dimen124
)
(/usr/share/texmf-dist/tex/latex/psnfss/times.sty
Package: times 2005/04/12 PSNFSS-v9.2a (SPQR) 
)
(/usr/share/texmf-dist/tex/latex/base/fontenc.sty
Package: fontenc 2017/04/05 v2.0i Standard LaTeX package

(/usr/share/texmf-dist/tex/latex/base/t1enc.def
File: t1enc.def 2017/04/05 v2.0i Standard LaTeX file
LaTeX Font Info:    Redeclaring font encoding T1 on input line 48.
))
(/usr/share/texmf-dist/tex/latex/ntgclass/a4.sty
Package: a4 2004/04/15 v1.2g A4 based page layout
)
(/usr/share/texmf-dist/tex/latex/oberdiek/epstopdf.sty
Package: epstopdf 2016/05/15 v2.6 Conversion with epstopdf on the fly (HO)

(/usr/share/texmf-dist/tex/latex/oberdiek/epstopdf-base.sty
Package: epstopdf-base 2016/05/15 v2.6 Base part for package epstopdf

(/usr/share/texmf-dist/tex/generic/oberdiek/infwarerr.sty
Package: infwarerr 2016/05/16 v1.4 Providing info/warning/error messages (HO)
)
(/usr/share/texmf-dist/tex/latex/oberdiek/grfext.sty
Package: grfext 2016/05/16 v1.2 Manage graphics extensions (HO)

(/usr/share/texmf-dist/tex/generic/oberdiek/kvdefinekeys.sty
Package: kvdefinekeys 2016/05/16 v1.4 Define keys (HO)

(/usr/share/texmf-dist/tex/generic/oberdiek/ltxcmds.sty
Package: ltxcmds 2016/05/16 v1.23 LaTeX kernel commands for general use (HO)
)))
(/usr/share/texmf-dist/tex/latex/oberdiek/kvoptions.sty
Package: kvoptions 2016/05/16 v3.12 Key value format for package options (HO)

(/usr/share/texmf-dist/tex/latex/graphics/keyval.sty
Package: keyval 2014/10/28 v1.15 key=value parser (DPC)
\KV@toks@=\toks18
)
(/usr/share/texmf-dist/tex/generic/oberdiek/kvsetkeys.sty
Package: kvsetkeys 2016/05/16 v1.17 Key value parser (HO)

(/usr/share/texmf-dist/tex/generic/oberdiek/etexcmds.sty
Package: etexcmds 2016/05/16 v1.6 Avoid name clashes with e-TeX commands (HO)

(/usr/share/texmf-dist/tex/generic/oberdiek/ifluatex.sty
Package: ifluatex 2016/05/16 v1.4 Provides the ifluatex switch (HO)
Package ifluatex Info: LuaTeX not detected.
)
Package etexcmds Info: Could not find \expanded.
(etexcmds)             That can mean that you are not using pdfTeX 1.50 or
(etexcmds)             that some package has redefined \expanded.
(etexcmds)             In the latter case, load this package earlier.
)))
(/usr/share/texmf-dist/tex/generic/oberdiek/pdftexcmds.sty
Package: pdftexcmds 2017/03/19 v0.25 Utility functions of pdfTeX for LuaTeX (HO
)

(/usr/share/texmf-dist/tex/generic/oberdiek/ifpdf.sty
Package: ifpdf 2017/03/15 v3.2 Provides the ifpdf switch
)
Package pdftexcmds Info: LuaTeX not detected.
Package pdftexcmds Info: \pdf@primitive is available.
Package pdftexcmds Info: \pdf@ifprimitive is available.
Package pdftexcmds Info: \pdfdraftmode found.
)

Package epstopdf Warning: No graphics package `graphic{s,x}' loaded.

)) (/usr/share/texmf-dist/tex/latex/graphics/graphicx.sty
Package: graphicx 2017/06/01 v1.1a Enhanced LaTeX Graphics (DPC,SPQR)

(/usr/share/texmf-dist/tex/latex/graphics/graphics.sty
Package: graphics 2017/06/25 v1.2c Standard LaTeX Graphics (DPC,SPQR)

(/usr/share/texmf-dist/tex/latex/graphics/trig.sty
Package: trig 2016/01/03 v1.10 sin cos tan (DPC)
)
(/usr/share/texmf-dist/tex/latex/graphics-cfg/graphics.cfg
File: graphics.cfg 2016/06/04 v1.11 sample graphics configuration
)
Package graphics Info: Driver file: pdftex.def on input line 99.

(/usr/share/texmf-dist/tex/latex/graphics-def/pdftex.def
File: pdftex.def 2017/06/24 v1.0g Graphics/color driver for pdftex
))
\Gin@req@height=\dimen125
\Gin@req@width=\dimen126
)
(/usr/share/texmf-dist/tex/latex/fancyvrb/fancyvrb.sty
Package: fancyvrb 2008/02/07

Style option: `fancyvrb' v2.7a, with DG/SPQR fixes, and firstline=lastline fix 
<2008/02/07> (tvz)
\FV@CodeLineNo=\count116
\FV@InFile=\read1
\FV@TabBox=\box54
\c@FancyVerbLine=\count117
\FV@StepNumber=\count118
\FV@OutFile=\write3
) (/usr/share/texmf-dist/tex/latex/amsmath/amsmath.sty
Package: amsmath 2016/11/05 v2.16a AMS math features
\@mathmargin=\skip45

For additional information on amsmath, use the `?' option.
(/usr/share/texmf-dist/tex/latex/amsmath/amstext.sty
Package: amstext 2000/06/29 v2.01 AMS text

(/usr/share/texmf-dist/tex/latex/amsmath/amsgen.sty
File: amsgen.sty 1999/11/30 v2.0 generic functions
\@emptytoks=\toks19
\ex@=\dimen127
))
(/usr/share/texmf-dist/tex/latex/amsmath/amsbsy.sty
Package: amsbsy 1999/11/29 v1.2d Bold Symbols
\pmbraise@=\dimen128
)
(/usr/share/texmf-dist/tex/latex/amsmath/amsopn.sty
Package: amsopn 2016/03/08 v2.02 operator names
)
\inf@bad=\count119
LaTeX Info: Redefining \frac on input line 213.
\uproot@=\count120
\leftroot@=\count121
LaTeX Info: Redefining \overline on input line 375.
\classnum@=\count122
\DOTSCASE@=\count123
LaTeX Info: Redefining \ldots on input line 472.
LaTeX Info: Redefining \dots on input line 475.
LaTeX Info: Redefining \cdots on input line 596.
\Mathstrutbox@=\box55
\strutbox@=\box56
\big@size=\dimen129
LaTeX Font Info:    Redeclaring font encoding OML on input line 712.
LaTeX Font Info:    Redeclaring font encoding OMS on input line 713.


Package amsmath Warning: Unable to redefine math accent \vec.

\macc@depth=\count124
\c@MaxMatrixCols=\count125
\dotsspace@=\muskip10
\c@parentequation=\count126
\dspbrk@lvl=\count127
\tag@help=\toks20
\row@=\count128
\column@=\count129
\maxfields@=\count130
\andhelp@=\toks21
\eqnshift@=\dimen130
\alignsep@=\dimen131
\tagshift@=\dimen132
\tagwidth@=\dimen133
\totwidth@=\dimen134
\lineht@=\dimen135
\@envbody=\toks22
\multlinegap=\skip46
\multlinetaggap=\skip47
\mathdisplay@stack=\toks23
LaTeX Info: Redefining \[ on input line 2817.
LaTeX Info: Redefining \] on input line 2818.
) (/usr/share/texmf-dist/tex/latex/caption/subcaption.sty
Package: subcaption 2016/05/22 v1.1-161 Sub-captions (AR)

(/usr/share/texmf-dist/tex/latex/caption/caption.sty
Package: caption 2016/02/21 v3.3-144 Customizing captions (AR)

(/usr/share/texmf-dist/tex/latex/caption/caption3.sty
Package: caption3 2016/05/22 v1.7-166 caption3 kernel (AR)
Package caption3 Info: TeX engine: e-TeX on input line 67.
\captionmargin=\dimen136
\captionmargin@=\dimen137
\captionwidth=\dimen138
\caption@tempdima=\dimen139
\caption@indent=\dimen140
\caption@parindent=\dimen141
\caption@hangindent=\dimen142
Package caption Info: Unknown document class (or package),
(caption)             standard defaults will be used.
)

Package caption Warning: Unsupported document class (or package) detected,
(caption)                usage of the caption package is not recommended.
See the caption package documentation for explanation.

Package caption Info: \@makecaption = \long macro:#1#2->\vskip \abovecaptionski
p \sbox \@tempboxa {{\bfseries #1.} #2}\ifdim \wd \@tempboxa >\hsize {\bfseries
 #1.} #2\par \else \global \@minipagefalse \hb@xt@ \hsize {\hfil \box \@tempbox
a \hfil }\fi \vskip \belowcaptionskip .
\c@ContinuedFloat=\count131
)
\c@subfigure=\count132
\c@subtable=\count133
) (/usr/share/texmf-dist/tex/latex/hyperref/hyperref.sty
Package: hyperref 2017/03/14 v6.85a Hypertext links for LaTeX

(/usr/share/texmf-dist/tex/generic/oberdiek/hobsub-hyperref.sty
Package: hobsub-hyperref 2016/05/16 v1.14 Bundle oberdiek, subset hyperref (HO)


(/usr/share/texmf-dist/tex/generic/oberdiek/hobsub-generic.sty
Package: hobsub-generic 2016/05/16 v1.14 Bundle oberdiek, subset generic (HO)
Package: hobsub 2016/05/16 v1.14 Construct package bundles (HO)
Package hobsub Info: Skipping package `infwarerr' (already loaded).
Package hobsub Info: Skipping package `ltxcmds' (already loaded).
Package hobsub Info: Skipping package `ifluatex' (already loaded).
Package: ifvtex 2016/05/16 v1.6 Detect VTeX and its facilities (HO)
Package ifvtex Info: VTeX not detected.
Package: intcalc 2016/05/16 v1.2 Expandable calculations with integers (HO)
Package hobsub Info: Skipping package `ifpdf' (already loaded).
Package hobsub Info: Skipping package `etexcmds' (already loaded).
Package hobsub Info: Skipping package `kvsetkeys' (already loaded).
Package hobsub Info: Skipping package `kvdefinekeys' (already loaded).
Package hobsub Info: Skipping package `pdftexcmds' (already loaded).
Package: pdfescape 2016/05/16 v1.14 Implements pdfTeX's escape features (HO)
Package: bigintcalc 2016/05/16 v1.4 Expandable calculations on big integers (HO
)
Package: bitset 2016/05/16 v1.2 Handle bit-vector datatype (HO)
Package: uniquecounter 2016/05/16 v1.3 Provide unlimited unique counter (HO)
)
Package hobsub Info: Skipping package `hobsub' (already loaded).
Package: letltxmacro 2016/05/16 v1.5 Let assignment for LaTeX macros (HO)
Package: hopatch 2016/05/16 v1.3 Wrapper for package hooks (HO)
Package: xcolor-patch 2016/05/16 xcolor patch
Package: atveryend 2016/05/16 v1.9 Hooks at the very end of document (HO)
Package atveryend Info: \enddocument detected (standard20110627).
Package: atbegshi 2016/06/09 v1.18 At begin shipout hook (HO)
Package: refcount 2016/05/16 v3.5 Data extraction from label references (HO)
Package: hycolor 2016/05/16 v1.8 Color options for hyperref/bookmark (HO)
)
(/usr/share/texmf-dist/tex/generic/ifxetex/ifxetex.sty
Package: ifxetex 2010/09/12 v0.6 Provides ifxetex conditional
)
(/usr/share/texmf-dist/tex/latex/oberdiek/auxhook.sty
Package: auxhook 2016/05/16 v1.4 Hooks for auxiliary files (HO)
)
\@linkdim=\dimen143
\Hy@linkcounter=\count134
\Hy@pagecounter=\count135

(/usr/share/texmf-dist/tex/latex/hyperref/pd1enc.def
File: pd1enc.def 2017/03/14 v6.85a Hyperref: PDFDocEncoding definition (HO)
)
\Hy@SavedSpaceFactor=\count136

(/usr/share/texmf-dist/tex/latex/latexconfig/hyperref.cfg
File: hyperref.cfg 2002/06/06 v1.2 hyperref configuration of TeXLive
)
Package hyperref Info: Option `bookmarks' set `false' on input line 4374.
Package hyperref Info: Hyper figures OFF on input line 4498.
Package hyperref Info: Link nesting OFF on input line 4503.
Package hyperref Info: Hyper index ON on input line 4506.
Package hyperref Info: Plain pages OFF on input line 4513.
Package hyperref Info: Backreferencing OFF on input line 4518.
Package hyperref Info: Implicit mode ON; LaTeX internals redefined.
Package hyperref Info: Bookmarks OFF on input line 4757.
\c@Hy@tempcnt=\count137

(/usr/share/texmf-dist/tex/latex/url/url.sty
\Urlmuskip=\muskip11
Package: url 2013/09/16  ver 3.4  Verb mode for urls, etc.
)
LaTeX Info: Redefining \url on input line 5104.
\XeTeXLinkMargin=\dimen144
\Fld@menulength=\count138
\Field@Width=\dimen145
\Fld@charsize=\dimen146
Package hyperref Info: Hyper figures OFF on input line 6358.
Package hyperref Info: Link nesting OFF on input line 6363.
Package hyperref Info: Hyper index ON on input line 6366.
Package hyperref Info: backreferencing OFF on input line 6373.
Package hyperref Info: Link coloring OFF on input line 6378.
Package hyperref Info: Link coloring with OCG OFF on input line 6383.
Package hyperref Info: PDF/A mode OFF on input line 6388.
LaTeX Info: Redefining \ref on input line 6428.
LaTeX Info: Redefining \pageref on input line 6432.
\Hy@abspage=\count139
\c@Item=\count140
\c@Hfootnote=\count141
)

Package hyperref Message: Driver (autodetected): hpdftex.

(/usr/share/texmf-dist/tex/latex/hyperref/hpdftex.def
File: hpdftex.def 2017/03/14 v6.85a Hyperref driver for pdfTeX
\Fld@listcount=\count142
\c@bookmark@seq@number=\count143

(/usr/share/texmf-dist/tex/latex/oberdiek/rerunfilecheck.sty
Package: rerunfilecheck 2016/05/16 v1.8 Rerun checks for auxiliary files (HO)
Package uniquecounter Info: New unique counter `rerunfilecheck' on input line 2
82.
)
\Hy@SectionHShift=\skip48
)
(./lncs-paper.aux

LaTeX Warning: Label `fig:ip_source' multiply defined.


LaTeX Warning: Label `fig:ip_source' multiply defined.


LaTeX Warning: Label `fig:ip_source' multiply defined.


LaTeX Warning: Label `fig:ip_source' multiply defined.


LaTeX Warning: Label `fig:field_change' multiply defined.


LaTeX Warning: Label `fig:field_change' multiply defined.


LaTeX Warning: Label `fig:r_s' multiply defined.


LaTeX Warning: Label `fig:r_s' multiply defined.


LaTeX Warning: Label `fig:packet_third' multiply defined.


LaTeX Warning: Label `fig:ping' multiply defined.

)
\openout1 = `lncs-paper.aux'.

LaTeX Font Info:    Checking defaults for OML/cmm/m/it on input line 19.
LaTeX Font Info:    ... okay on input line 19.
LaTeX Font Info:    Checking defaults for T1/cmr/m/n on input line 19.
LaTeX Font Info:    ... okay on input line 19.
LaTeX Font Info:    Checking defaults for OT1/cmr/m/n on input line 19.
LaTeX Font Info:    ... okay on input line 19.
LaTeX Font Info:    Checking defaults for OMS/cmsy/m/n on input line 19.
LaTeX Font Info:    ... okay on input line 19.
LaTeX Font Info:    Checking defaults for OMX/cmex/m/n on input line 19.
LaTeX Font Info:    ... okay on input line 19.
LaTeX Font Info:    Checking defaults for U/cmr/m/n on input line 19.
LaTeX Font Info:    ... okay on input line 19.
LaTeX Font Info:    Checking defaults for PD1/pdf/m/n on input line 19.
LaTeX Font Info:    ... okay on input line 19.
LaTeX Font Info:    Try loading font information for T1+ptm on input line 19.
 (/usr/share/texmf-dist/tex/latex/psnfss/t1ptm.fd
File: t1ptm.fd 2001/06/04 font definitions for T1/ptm.
)
(/usr/share/texmf-dist/tex/context/base/mkii/supp-pdf.mkii
[Loading MPS to PDF converter (version 2006.09.02).]
\scratchcounter=\count144
\scratchdimen=\dimen147
\scratchbox=\box57
\nofMPsegments=\count145
\nofMParguments=\count146
\everyMPshowfont=\toks24
\MPscratchCnt=\count147
\MPscratchDim=\dimen148
\MPnumerator=\count148
\makeMPintoPDFobject=\count149
\everyMPtoPDFconversion=\toks25
)
Package caption Info: Begin \AtBeginDocument code.
Package caption Info: hyperref package is loaded.
Package caption Info: End \AtBeginDocument code.
\AtBeginShipoutBox=\box58
Package hyperref Info: Link coloring OFF on input line 19.
 (/usr/share/texmf-dist/tex/latex/hyperref/nameref.sty
Package: nameref 2016/05/21 v2.44 Cross-referencing by name of section

(/usr/share/texmf-dist/tex/generic/oberdiek/gettitlestring.sty
Package: gettitlestring 2016/05/16 v1.5 Cleanup title references (HO)
)
\c@section@level=\count150
)
LaTeX Info: Redefining \ref on input line 19.
LaTeX Info: Redefining \pageref on input line 19.
LaTeX Info: Redefining \nameref on input line 19.
LaTeX Font Info:    Font shape `T1/ptm/bx/n' in size <14.4> not available
(Font)              Font shape `T1/ptm/b/n' tried instead on input line 39.


Package hyperref Warning: bookmark level for unknown title defaults to 0.


Package hyperref Warning: bookmark level for unknown author defaults to 0.

LaTeX Font Info:    Font shape `T1/ptm/bx/n' in size <12> not available
(Font)              Font shape `T1/ptm/b/n' tried instead on input line 39.
LaTeX Font Info:    Font shape `T1/ptm/bx/n' in size <10> not available
(Font)              Font shape `T1/ptm/b/n' tried instead on input line 44.

Underfull \hbox (badness 10000) in paragraph at lines 45--46

 []


Underfull \hbox (badness 10000) in paragraph at lines 49--50

 []

<imagens/ttlexceeded.png, id=4, 962.09438pt x 674.52pt>
File: imagens/ttlexceeded.png Graphic file (type png)
<use imagens/ttlexceeded.png>
Package pdftex.def Info: imagens/ttlexceeded.png  used on input line 58. on inp
ut line 58.
Package pdftex.def Info: Requested size: 336.73807pt x 236.08554pt on input lin
e 58.
<imagens/bytesdata.png, id=6, 960.58875pt x 514.17094pt>
File: imagens/bytesdata.png Graphic file (type png)
<use imagens/bytesdata.png>
Package pdftex.def Info: imagens/bytesdata.png  used on input line 65. on input
 line 65.
Package pdftex.def Info: Requested size: 336.21109pt x 179.96252pt on input lin
e 65.

Underfull \hbox (badness 10000) in paragraph at lines 71--72

 []


Underfull \hbox (badness 10000) in paragraph at lines 75--76

 []

<imagens/ttlexceededmessage.png, id=7, 959.83594pt x 493.845pt>
File: imagens/ttlexceededmessage.png Graphic file (type png)
<use imagens/ttlexceededmessage.png>
Package pdftex.def Info: imagens/ttlexceededmessage.png  used on input line 82.
 on input line 82.
Package pdftex.def Info: Requested size: 335.94762pt x 172.84833pt on input lin
e 82.
[1


{/var/lib/texmf/fonts/map/pdftex/updmap/pdftex.map}] [2 <./imagens/ttlexceeded.
png> <./imagens/bytesdata.png>]
Underfull \hbox (badness 10000) in paragraph at lines 88--89

 []


Underfull \hbox (badness 10000) in paragraph at lines 92--93

 []

<imagens/roundtime.png, id=34, 962.09438pt x 689.57625pt>
File: imagens/roundtime.png Graphic file (type png)
<use imagens/roundtime.png>
Package pdftex.def Info: imagens/roundtime.png  used on input line 99. on input
 line 99.
Package pdftex.def Info: Requested size: 336.73807pt x 241.3553pt on input line
 99.
<imagens/ip_source_proof.png, id=35, 1200.485pt x 328.22626pt>
File: imagens/ip_source_proof.png Graphic file (type png)
<use imagens/ip_source_proof.png>
Package pdftex.def Info: imagens/ip_source_proof.png  used on input line 116. o
n input line 116.
Package pdftex.def Info: Requested size: 420.17606pt x 114.8809pt on input line
 116.

Overfull \hbox (58.82607pt too wide) in paragraph at lines 116--117
 [] 
 []


Underfull \hbox (badness 10000) in paragraph at lines 124--125

 []

[3 <./imagens/ttlexceededmessage.png>] [4 <./imagens/roundtime.png> <./imagens/
ip_source_proof.png>]
Underfull \hbox (badness 10000) in paragraph at lines 128--129

 []

<./imagens/icmp_1.png, id=63, 602.25pt x 527.9725pt>
File: ./imagens/icmp_1.png Graphic file (type png)
<use ./imagens/icmp_1.png>
Package pdftex.def Info: ./imagens/icmp_1.png  used on input line 137. on input
 line 137.
Package pdftex.def Info: Requested size: 210.79065pt x 184.79314pt on input lin
e 137.

Underfull \hbox (badness 10000) in paragraph at lines 145--146

 []

[5 <./imagens/icmp_1.png (PNG copy)>]
Underfull \hbox (badness 10000) in paragraph at lines 149--150

 []

<./imagens/icmp_size.png, id=77, 594.22pt x 323.2075pt>
File: ./imagens/icmp_size.png Graphic file (type png)
<use ./imagens/icmp_size.png>
Package pdftex.def Info: ./imagens/icmp_size.png  used on input line 160. on in
put line 160.
Package pdftex.def Info: Requested size: 207.98012pt x 113.12431pt on input lin
e 160.

Underfull \hbox (badness 10000) in paragraph at lines 168--169

 []


Underfull \hbox (badness 10000) in paragraph at lines 172--173

 []


Overfull \hbox (9.54607pt too wide) in paragraph at lines 174--175
[]\T1/ptm/m/n/10 A frag-men-tação acon-tece quando o tamanho to-tal do data-gra
ma ex-cede o \T1/ptm/m/it/10 MTU \T1/ptm/m/n/10 disponível.
 []

<./imagens/icmp_frag.png, id=78, 591.20876pt x 373.395pt>
File: ./imagens/icmp_frag.png Graphic file (type png)
<use ./imagens/icmp_frag.png>
Package pdftex.def Info: ./imagens/icmp_frag.png  used on input line 183. on in
put line 183.
Package pdftex.def Info: Requested size: 206.92616pt x 130.6902pt on input line
 183.

Underfull \hbox (badness 10000) in paragraph at lines 191--192

 []

[6 <./imagens/icmp_size.png>]
Underfull \hbox (badness 10000) in paragraph at lines 195--196

 []


Overfull \hbox (28.5951pt too wide) in paragraph at lines 203--204
[]\T1/ptm/m/n/10 O \T1/ptm/m/it/10 TTL \T1/ptm/m/n/10 muda pois a máquina que e
stá a ser us-ada está a ten-tar con-tac-tar o \T1/ptm/m/it/10 host \T1/ptm/m/n/
10 marco.uminho.pt.
 []


Underfull \hbox (badness 10000) in paragraph at lines 205--206

 []

<./imagens/icmp_TTL_1.png, id=95, 590.205pt x 327.2225pt>
File: ./imagens/icmp_TTL_1.png Graphic file (type png)
<use ./imagens/icmp_TTL_1.png>
Package pdftex.def Info: ./imagens/icmp_TTL_1.png  used on input line 211. on i
nput line 211.
Package pdftex.def Info: Requested size: 141.6464pt x 78.53pt on input line 211
.
<./imagens/icmp_TTL_2.png, id=96, 584.1825pt x 331.2375pt>
File: ./imagens/icmp_TTL_2.png Graphic file (type png)
<use ./imagens/icmp_TTL_2.png>
Package pdftex.def Info: ./imagens/icmp_TTL_2.png  used on input line 215. on i
nput line 215.
Package pdftex.def Info: Requested size: 141.6464pt x 80.31235pt on input line 
215.
<./imagens/icmp_TTL_3.png, id=97, 585.18625pt x 334.24875pt>
File: ./imagens/icmp_TTL_3.png Graphic file (type png)
<use ./imagens/icmp_TTL_3.png>
Package pdftex.def Info: ./imagens/icmp_TTL_3.png  used on input line 219. on i
nput line 219.
Package pdftex.def Info: Requested size: 141.6464pt x 80.90475pt on input line 
219.

Overfull \hbox (72.26335pt too wide) in paragraph at lines 209--221
 []$[]$$[]$$[]$ 
 []


Underfull \hbox (badness 10000) in paragraph at lines 228--229

 []

[7 <./imagens/icmp_frag.png (PNG copy)> <./imagens/icmp_TTL_1.png (PNG copy)> <
./imagens/icmp_TTL_2.png (PNG copy)> <./imagens/icmp_TTL_3.png (PNG copy)>]
Underfull \hbox (badness 10000) in paragraph at lines 232--233

 []


Underfull \hbox (badness 10000) in paragraph at lines 238--239

 []

<./imagens/icmp_1_id.png, id=110, 584.1825pt x 325.215pt>
File: ./imagens/icmp_1_id.png Graphic file (type png)
<use ./imagens/icmp_1_id.png>
Package pdftex.def Info: ./imagens/icmp_1_id.png  used on input line 246. on in
put line 246.
Package pdftex.def Info: Requested size: 177.06071pt x 98.56764pt on input line
 246.
<./imagens/icmp_2_id.png, id=111, 587.19376pt x 323.2075pt>
File: ./imagens/icmp_2_id.png Graphic file (type png)
<use ./imagens/icmp_2_id.png>
Package pdftex.def Info: ./imagens/icmp_2_id.png  used on input line 250. on in
put line 250.
Package pdftex.def Info: Requested size: 177.06071pt x 97.45616pt on input line
 250.

Underfull \hbox (badness 10000) in paragraph at lines 259--260

 []


Underfull \hbox (badness 10000) in paragraph at lines 263--264

 []

[8 <./imagens/icmp_1_id.png (PNG copy)> <./imagens/icmp_2_id.png (PNG copy)>]
Underfull \hbox (badness 10000) in paragraph at lines 273--274

 []

<./imagens/icmp_1_TTL64_router.png, id=125, 603.25375pt x 324.21124pt>
File: ./imagens/icmp_1_TTL64_router.png Graphic file (type png)
<use ./imagens/icmp_1_TTL64_router.png>
Package pdftex.def Info: ./imagens/icmp_1_TTL64_router.png  used on input line 
279. on input line 279.
Package pdftex.def Info: Requested size: 141.6464pt x 76.12534pt on input line 
279.
<./imagens/icmp_2_TTL64_router.png, id=126, 603.25375pt x 326.21875pt>
File: ./imagens/icmp_2_TTL64_router.png Graphic file (type png)
<use ./imagens/icmp_2_TTL64_router.png>
Package pdftex.def Info: ./imagens/icmp_2_TTL64_router.png  used on input line 
283. on input line 283.
Package pdftex.def Info: Requested size: 141.6464pt x 76.5967pt on input line 2
83.
<./imagens/icmp_3_TTL64_router.png, id=127, 604.2575pt x 322.20375pt>
File: ./imagens/icmp_3_TTL64_router.png Graphic file (type png)
<use ./imagens/icmp_3_TTL64_router.png>
Package pdftex.def Info: ./imagens/icmp_3_TTL64_router.png  used on input line 
287. on input line 287.
Package pdftex.def Info: Requested size: 141.6464pt x 75.52614pt on input line 
287.

Overfull \hbox (72.26335pt too wide) in paragraph at lines 277--289
 []$[]$$[]$$[]$ 
 []

<./imagens/icmp_1_TTL254_router.png, id=128, 596.2275pt x 324.21124pt>
File: ./imagens/icmp_1_TTL254_router.png Graphic file (type png)
<use ./imagens/icmp_1_TTL254_router.png>
Package pdftex.def Info: ./imagens/icmp_1_TTL254_router.png  used on input line
 297. on input line 297.
Package pdftex.def Info: Requested size: 141.6464pt x 77.02075pt on input line 
297.
<./imagens/icmp_2_TTL254_router.png, id=129, 593.21625pt x 323.2075pt>
File: ./imagens/icmp_2_TTL254_router.png Graphic file (type png)
<use ./imagens/icmp_2_TTL254_router.png>
Package pdftex.def Info: ./imagens/icmp_2_TTL254_router.png  used on input line
 301. on input line 301.
Package pdftex.def Info: Requested size: 141.6464pt x 77.1719pt on input line 3
01.
<./imagens/icmp_3_TTL254_router.png, id=130, 593.21625pt x 324.21124pt>
File: ./imagens/icmp_3_TTL254_router.png Graphic file (type png)
<use ./imagens/icmp_3_TTL254_router.png>
Package pdftex.def Info: ./imagens/icmp_3_TTL254_router.png  used on input line
 305. on input line 305.
Package pdftex.def Info: Requested size: 141.6464pt x 77.41158pt on input line 
305.

Overfull \hbox (72.26335pt too wide) in paragraph at lines 295--307
 []$[]$$[]$$[]$ 
 []


Underfull \hbox (badness 10000) in paragraph at lines 314--315

 []


Underfull \hbox (badness 10000) in paragraph at lines 318--319

 []


Underfull \hbox (badness 10000) in paragraph at lines 322--323

 []

<./imagens/packet_frag.png, id=131, 840.89156pt x 523.20468pt>
File: ./imagens/packet_frag.png Graphic file (type png)
<use ./imagens/packet_frag.png>
Package pdftex.def Info: ./imagens/packet_frag.png  used on input line 326. on 
input line 326.
Package pdftex.def Info: Requested size: 294.31645pt x 183.12437pt on input lin
e 326.
[9 <./imagens/icmp_1_TTL64_router.png (PNG copy)> <./imagens/icmp_2_TTL64_route
r.png (PNG copy)> <./imagens/icmp_3_TTL64_router.png (PNG copy)> <./imagens/icm
p_1_TTL254_router.png (PNG copy)> <./imagens/icmp_2_TTL254_router.png (PNG copy
)> <./imagens/icmp_3_TTL254_router.png (PNG copy)>]
Underfull \hbox (badness 10000) in paragraph at lines 333--334

 []


Overfull \hbox (12.36635pt too wide) in paragraph at lines 335--336
[]\T1/ptm/m/n/10 Imprima o primeiro frag-mento do data-grama IP seg-men-tado. Q
ue in-for-mação no cabeçalho
 []


Underfull \hbox (badness 10000) in paragraph at lines 337--338

 []


Underfull \hbox (badness 10000) in paragraph at lines 341--342

 []

<./imagens/packet_first.png, id=141, 838.63312pt x 521.69907pt>
File: ./imagens/packet_first.png Graphic file (type png)
<use ./imagens/packet_first.png>
Package pdftex.def Info: ./imagens/packet_first.png  used on input line 345. on
 input line 345.
Package pdftex.def Info: Requested size: 293.52599pt x 182.5974pt on input line
 345.

Underfull \hbox (badness 10000) in paragraph at lines 351--352

 []


Underfull \hbox (badness 10000) in paragraph at lines 355--356

 []

[10 <./imagens/packet_frag.png>]
Underfull \hbox (badness 10000) in paragraph at lines 359--360

 []

<./imagens/packet_second.png, id=155, 837.1275pt x 523.20468pt>
File: ./imagens/packet_second.png Graphic file (type png)
<use ./imagens/packet_second.png>
Package pdftex.def Info: ./imagens/packet_second.png  used on input line 363. o
n input line 363.
Package pdftex.def Info: Requested size: 292.99901pt x 183.12437pt on input lin
e 363.

Underfull \hbox (badness 10000) in paragraph at lines 369--370

 []


Underfull \vbox (badness 3492) has occurred while \output is active []

 [11 <./imagens/packet_first.png> <./imagens/packet_second.png>]
Underfull \hbox (badness 10000) in paragraph at lines 373--374

 []


Underfull \hbox (badness 10000) in paragraph at lines 379--380

 []

File: ./imagens/packet_second.png Graphic file (type png)
<use ./imagens/packet_second.png>
Package pdftex.def Info: ./imagens/packet_second.png  used on input line 383. o
n input line 383.
Package pdftex.def Info: Requested size: 292.99901pt x 183.12437pt on input lin
e 383.

Underfull \hbox (badness 10000) in paragraph at lines 389--390

 []


Underfull \hbox (badness 10000) in paragraph at lines 393--394

 []

[12]

LaTeX Warning: Reference `fig:packet_first, fig:packet_second, fig:packet_third
' on page 13 undefined on input line 404.


Underfull \vbox (badness 10000) has occurred while \output is active []

 [13]
Underfull \hbox (badness 10000) in paragraph at lines 411--412

 []


Overfull \hbox (0.51637pt too wide) in paragraph at lines 413--414
\T1/ptm/m/n/10 equipa-mento. Para sim-pli-ficar, pode in-cluir uma im-agem que 
ilus-tre de forma clara a topolo-
 []


Underfull \hbox (badness 10000) in paragraph at lines 415--416

 []

<./imagens/rede.png, id=184, 1003.75pt x 751.80875pt>
File: ./imagens/rede.png Graphic file (type png)
<use ./imagens/rede.png>
Package pdftex.def Info: ./imagens/rede.png  used on input line 421. on input l
ine 421.
Package pdftex.def Info: Requested size: 351.31776pt x 263.137pt on input line 
421.

Underfull \hbox (badness 10000) in paragraph at lines 427--428

 []


Underfull \hbox (badness 10000) in paragraph at lines 431--432

 []

[14 <./imagens/rede.png>]
Underfull \hbox (badness 10000) in paragraph at lines 442--443

 []


Underfull \hbox (badness 10000) in paragraph at lines 447--448

 []


Underfull \hbox (badness 10000) in paragraph at lines 451--452

 []


Underfull \hbox (badness 10000) in paragraph at lines 460--461

 []


Underfull \vbox (badness 1924) has occurred while \output is active []

 [15]
Underfull \hbox (badness 10000) in paragraph at lines 465--466

 []

<./imagens/PC1_S1.png, id=208, 489.83pt x 339.2675pt>
File: ./imagens/PC1_S1.png Graphic file (type png)
<use ./imagens/PC1_S1.png>
Package pdftex.def Info: ./imagens/PC1_S1.png  used on input line 471. on input
 line 471.
Package pdftex.def Info: Requested size: 135.50624pt x 93.85017pt on input line
 471.
<./imagens/PC1_S2.png, id=209, 489.83pt x 339.2675pt>
File: ./imagens/PC1_S2.png Graphic file (type png)
<use ./imagens/PC1_S2.png>
Package pdftex.def Info: ./imagens/PC1_S2.png  used on input line 475. on input
 line 475.
Package pdftex.def Info: Requested size: 135.50624pt x 93.85017pt on input line
 475.
<./imagens/PC3_S1.png, id=210, 489.83pt x 339.2675pt>
File: ./imagens/PC3_S1.png Graphic file (type png)
<use ./imagens/PC3_S1.png>
Package pdftex.def Info: ./imagens/PC3_S1.png  used on input line 485. on input
 line 485.
Package pdftex.def Info: Requested size: 135.50624pt x 93.85017pt on input line
 485.
<./imagens/PC3_S2.png, id=211, 489.83pt x 339.2675pt>
File: ./imagens/PC3_S2.png Graphic file (type png)
<use ./imagens/PC3_S2.png>
Package pdftex.def Info: ./imagens/PC3_S2.png  used on input line 489. on input
 line 489.
Package pdftex.def Info: Requested size: 135.50624pt x 93.85017pt on input line
 489.
<./imagens/PC5_S1.png, id=212, 489.83pt x 339.2675pt>
File: ./imagens/PC5_S1.png Graphic file (type png)
<use ./imagens/PC5_S1.png>
Package pdftex.def Info: ./imagens/PC5_S1.png  used on input line 499. on input
 line 499.
Package pdftex.def Info: Requested size: 135.50624pt x 93.85017pt on input line
 499.
<./imagens/PC5_S2.png, id=213, 489.83pt x 339.2675pt>
File: ./imagens/PC5_S2.png Graphic file (type png)
<use ./imagens/PC5_S2.png>
Package pdftex.def Info: ./imagens/PC5_S2.png  used on input line 503. on input
 line 503.
Package pdftex.def Info: Requested size: 135.50624pt x 93.85017pt on input line
 503.
<./imagens/PC7_S1.png, id=214, 489.83pt x 339.2675pt>
File: ./imagens/PC7_S1.png Graphic file (type png)
<use ./imagens/PC7_S1.png>
Package pdftex.def Info: ./imagens/PC7_S1.png  used on input line 513. on input
 line 513.
Package pdftex.def Info: Requested size: 135.50624pt x 93.85017pt on input line
 513.
<./imagens/PC7_S2.png, id=215, 489.83pt x 339.2675pt>
File: ./imagens/PC7_S2.png Graphic file (type png)
<use ./imagens/PC7_S2.png>
Package pdftex.def Info: ./imagens/PC7_S2.png  used on input line 517. on input
 line 517.
Package pdftex.def Info: Requested size: 135.50624pt x 93.85017pt on input line
 517.

LaTeX Warning: `h' float specifier changed to `ht'.


Underfull \hbox (badness 10000) in paragraph at lines 526--527

 []


Underfull \hbox (badness 10000) in paragraph at lines 530--531

 []

<./imagens/R_S1.png, id=216, 489.83pt x 339.2675pt>
File: ./imagens/R_S1.png Graphic file (type png)
<use ./imagens/R_S1.png>
Package pdftex.def Info: ./imagens/R_S1.png  used on input line 536. on input l
ine 536.
Package pdftex.def Info: Requested size: 135.50624pt x 93.85017pt on input line
 536.
<./imagens/R_S2.png, id=217, 489.83pt x 339.2675pt>
File: ./imagens/R_S2.png Graphic file (type png)
<use ./imagens/R_S2.png>
Package pdftex.def Info: ./imagens/R_S2.png  used on input line 540. on input l
ine 540.
Package pdftex.def Info: Requested size: 135.50624pt x 93.85017pt on input line
 540.

LaTeX Warning: `h' float specifier changed to `ht'.

[16 <./imagens/PC1_S1.png (PNG copy)> <./imagens/PC1_S2.png (PNG copy)> <./imag
ens/PC3_S1.png (PNG copy)> <./imagens/PC3_S2.png (PNG copy)> <./imagens/PC5_S1.
png (PNG copy)> <./imagens/PC5_S2.png (PNG copy)>]
Underfull \hbox (badness 10000) in paragraph at lines 552--553

 []


Underfull \hbox (badness 10000) in paragraph at lines 556--557

 []

[17 <./imagens/PC7_S1.png (PNG copy)> <./imagens/PC7_S2.png (PNG copy)> <./imag
ens/R_S1.png (PNG copy)> <./imagens/R_S2.png (PNG copy)>]
Underfull \hbox (badness 10000) in paragraph at lines 568--569

 []

<./imagens/netstatPC3.png, id=240, 489.83pt x 339.2675pt>
File: ./imagens/netstatPC3.png Graphic file (type png)
<use ./imagens/netstatPC3.png>
Package pdftex.def Info: ./imagens/netstatPC3.png  used on input line 574. on i
nput line 574.
Package pdftex.def Info: Requested size: 171.64069pt x 118.87999pt on input lin
e 574.
<./imagens/netstatRb.png, id=241, 489.83pt x 339.2675pt>
File: ./imagens/netstatRb.png Graphic file (type png)
<use ./imagens/netstatRb.png>
Package pdftex.def Info: ./imagens/netstatRb.png  used on input line 578. on in
put line 578.
Package pdftex.def Info: Requested size: 171.64069pt x 118.87999pt on input lin
e 578.

Underfull \hbox (badness 10000) in paragraph at lines 585--586

 []


Underfull \hbox (badness 10000) in paragraph at lines 586--587

 []


Underfull \hbox (badness 10000) in paragraph at lines 587--588

 []


Underfull \hbox (badness 10000) in paragraph at lines 590--591

 []

[18 <./imagens/netstatPC3.png (PNG copy)> <./imagens/netstatRb.png (PNG copy)>]

Underfull \hbox (badness 10000) in paragraph at lines 594--595

 []

<./imagens/posDeleteRotaDefeito.png, id=252, 663.22781pt x 500.62032pt>
File: ./imagens/posDeleteRotaDefeito.png Graphic file (type png)
<use ./imagens/posDeleteRotaDefeito.png>
Package pdftex.def Info: ./imagens/posDeleteRotaDefeito.png  used on input line
 603. on input line 603.
Package pdftex.def Info: Requested size: 171.64069pt x 129.55473pt on input lin
e 603.
<./imagens/posExternos.png, id=253, 668.4975pt x 505.13719pt>
File: ./imagens/posExternos.png Graphic file (type png)
<use ./imagens/posExternos.png>
Package pdftex.def Info: ./imagens/posExternos.png  used on input line 607. on 
input line 607.
Package pdftex.def Info: Requested size: 171.64069pt x 129.69852pt on input lin
e 607.

Underfull \hbox (badness 10000) in paragraph at lines 614--615

 []

[19 <./imagens/posDeleteRotaDefeito.png> <./imagens/posExternos.png>]
<./imagens/restauro.png, id=267, 822.07124pt x 581.17125pt>
File: ./imagens/restauro.png Graphic file (type png)
<use ./imagens/restauro.png>
Package pdftex.def Info: ./imagens/restauro.png  used on input line 628. on inp
ut line 628.
Package pdftex.def Info: Requested size: 287.72923pt x 203.41298pt on input lin
e 628.

Underfull \hbox (badness 10000) in paragraph at lines 638--639

 []


Underfull \hbox (badness 10000) in paragraph at lines 642--643

 []

[20 <./imagens/restauro.png>]
Underfull \hbox (badness 10000) in paragraph at lines 657--658

 []

<./imagens/redeIPSnovos.png, id=278, 680.5425pt x 493.0922pt>
File: ./imagens/redeIPSnovos.png Graphic file (type png)
<use ./imagens/redeIPSnovos.png>
Package pdftex.def Info: ./imagens/redeIPSnovos.png  used on input line 661. on
 input line 661.
Package pdftex.def Info: Requested size: 238.19344pt x 172.58485pt on input lin
e 661.

Underfull \hbox (badness 10000) in paragraph at lines 668--669

 []

[21 <./imagens/redeIPSnovos.png>]
Underfull \hbox (badness 10000) in paragraph at lines 672--673

 []


Underfull \hbox (badness 10000) in paragraph at lines 679--680

 []


Underfull \hbox (badness 10000) in paragraph at lines 683--684

 []


Underfull \hbox (badness 10000) in paragraph at lines 687--688

 []

<./imagens/exercicio3_3.png, id=289, 758.08218pt x 511.15968pt>
File: ./imagens/exercicio3_3.png Graphic file (type png)
<use ./imagens/exercicio3_3.png>
Package pdftex.def Info: ./imagens/exercicio3_3.png  used on input line 692. on
 input line 692.
Package pdftex.def Info: Requested size: 265.33273pt x 178.90855pt on input lin
e 692.
(./lncs-paper.bbl
LaTeX Font Info:    Try loading font information for T1+pcr on input line 11.
 (/usr/share/texmf-dist/tex/latex/psnfss/t1pcr.fd
File: t1pcr.fd 2001/06/04 font definitions for T1/pcr.
) [22 <./imagens/exercicio3_3.png>])
Package atveryend Info: Empty hook `BeforeClearDocument' on input line 706.
 [23]
Package atveryend Info: Empty hook `AfterLastShipout' on input line 706.
 (./lncs-paper.aux)
Package atveryend Info: Executing hook `AtVeryEndDocument' on input line 706.
Package atveryend Info: Empty hook `AtEndAfterFileList' on input line 706.


LaTeX Warning: There were undefined references.


LaTeX Warning: There were multiply-defined labels.

Package atveryend Info: Empty hook `AtVeryVeryEnd' on input line 706.
 ) 
Here is how much of TeX's memory you used:
 8043 strings out of 492990
 120565 string characters out of 6138688
 210198 words of memory out of 5000000
 11306 multiletter control sequences out of 15000+600000
 27742 words of font info for 41 fonts, out of 8000000 for 9000
 1141 hyphenation exceptions out of 8191
 42i,8n,40p,906b,462s stack positions out of 5000i,500n,10000p,200000b,80000s
{/usr/share/texmf-dist/fonts/enc/dvips/base/8r.enc}</usr/share/texmf-dist/fon
ts/type1/public/amsfonts/cm/cmmi10.pfb></usr/share/texmf-dist/fonts/type1/publi
c/amsfonts/cm/cmr10.pfb></usr/share/texmf-dist/fonts/type1/public/amsfonts/cm/c
msy10.pfb></usr/share/texmf-dist/fonts/type1/urw/courier/ucrr8a.pfb></usr/share
/texmf-dist/fonts/type1/urw/times/utmb8a.pfb></usr/share/texmf-dist/fonts/type1
/urw/times/utmr8a.pfb></usr/share/texmf-dist/fonts/type1/urw/times/utmri8a.pfb>

Output written on lncs-paper.pdf (23 pages, 14461004 bytes).
PDF statistics:
 370 PDF objects out of 1000 (max. 8388607)
 280 compressed objects within 3 object streams
 162 named destinations out of 1000 (max. 500000)
 201 words of extra memory for PDF output out of 10000 (max. 10000000)

